[2024-12-24 07:25:53] local.ERROR: JWT_SECRET is not set in the .env file. Please generate it using `php artisan jwt:secret`. {"exception":"[object] (Exception(code: 0): JWT_SECRET is not set in the .env file. Please generate it using `php artisan jwt:secret`. at /mnt/d/PHP-Angular-MySQL/crypto-accounting-software_v1/app/Providers/AppServiceProvider.php:45)
[stacktrace]
#0 /mnt/d/PHP-Angular-MySQL/crypto-accounting-software_v1/app/Providers/AppServiceProvider.php(36): App\\Providers\\AppServiceProvider->ensureJwtIsConfigured()
#1 /mnt/d/PHP-Angular-MySQL/crypto-accounting-software_v1/vendor/laravel/framework/src/Illuminate/Container/BoundMethod.php(36): App\\Providers\\AppServiceProvider->boot()
#2 /mnt/d/PHP-Angular-MySQL/crypto-accounting-software_v1/vendor/laravel/framework/src/Illuminate/Container/Util.php(43): Illuminate\\Container\\BoundMethod::Illuminate\\Container\\{closure}()
#3 /mnt/d/PHP-Angular-MySQL/crypto-accounting-software_v1/vendor/laravel/framework/src/Illuminate/Container/BoundMethod.php(95): Illuminate\\Container\\Util::unwrapIfClosure()
#4 /mnt/d/PHP-Angular-MySQL/crypto-accounting-software_v1/vendor/laravel/framework/src/Illuminate/Container/BoundMethod.php(35): Illuminate\\Container\\BoundMethod::callBoundMethod()
#5 /mnt/d/PHP-Angular-MySQL/crypto-accounting-software_v1/vendor/laravel/framework/src/Illuminate/Container/Container.php(694): Illuminate\\Container\\BoundMethod::call()
#6 /mnt/d/PHP-Angular-MySQL/crypto-accounting-software_v1/vendor/laravel/framework/src/Illuminate/Foundation/Application.php(1121): Illuminate\\Container\\Container->call()
#7 /mnt/d/PHP-Angular-MySQL/crypto-accounting-software_v1/vendor/laravel/framework/src/Illuminate/Foundation/Application.php(1102): Illuminate\\Foundation\\Application->bootProvider()
#8 [internal function]: Illuminate\\Foundation\\Application->Illuminate\\Foundation\\{closure}()
#9 /mnt/d/PHP-Angular-MySQL/crypto-accounting-software_v1/vendor/laravel/framework/src/Illuminate/Foundation/Application.php(1101): array_walk()
#10 /mnt/d/PHP-Angular-MySQL/crypto-accounting-software_v1/vendor/laravel/framework/src/Illuminate/Foundation/Bootstrap/BootProviders.php(17): Illuminate\\Foundation\\Application->boot()
#11 /mnt/d/PHP-Angular-MySQL/crypto-accounting-software_v1/vendor/laravel/framework/src/Illuminate/Foundation/Application.php(316): Illuminate\\Foundation\\Bootstrap\\BootProviders->bootstrap()
#12 /mnt/d/PHP-Angular-MySQL/crypto-accounting-software_v1/vendor/laravel/framework/src/Illuminate/Foundation/Console/Kernel.php(474): Illuminate\\Foundation\\Application->bootstrapWith()
#13 /mnt/d/PHP-Angular-MySQL/crypto-accounting-software_v1/vendor/laravel/framework/src/Illuminate/Foundation/Console/Kernel.php(196): Illuminate\\Foundation\\Console\\Kernel->bootstrap()
#14 /mnt/d/PHP-Angular-MySQL/crypto-accounting-software_v1/vendor/laravel/framework/src/Illuminate/Foundation/Application.php(1205): Illuminate\\Foundation\\Console\\Kernel->handle()
#15 /mnt/d/PHP-Angular-MySQL/crypto-accounting-software_v1/artisan(13): Illuminate\\Foundation\\Application->handleCommand()
#16 {main}
"} 
